ok	minetest_game proller:dynamic		
ok	minetest_game MirceaKitsune:moonflower		https://github.com/minetest/minetest_game/pull/175	
ok	minetest_game khonkhortisan:diagonal_rail		https://github.com/minetest/minetest_game/pull/135	
ok	minetest_game Novatux:furnace		https://github.com/minetest/minetest_game/pull/200	
fail	minetest_game cyisfor:master	1	https://github.com/minetest/minetest_game/pull/207	
ok	minetest proller:next_tools		
ok	minetest proller:math		https://github.com/minetest/minetest/pull/645	
ok	minetest proller:dynamic		
ok	minetest Zeg9:slippery		https://github.com/minetest/minetest/pull/817	
ok	minetest MirceaKitsune:sun_moon_coloring		https://github.com/minetest/minetest/pull/799	
ok	minetest khonkhortisan:diagonal_rail		https://github.com/minetest/minetest/pull/528	
fail	minetest Novatux:forceload	1	https://github.com/minetest/minetest/pull/606	
ok	minetest PilzAdam:vbo		
fail	minetest sweetbomber:spawn	1	https://github.com/minetest/minetest/pull/744	
ok	minetest MirceaKitsune:brighter_sun_faces		https://github.com/minetest/minetest/pull/772	
ok	minetest sapier:fix_multiplayer_server_not_saved		https://github.com/minetest/minetest/pull/846	
ok	minetest sapier:autoupdate_anim_speed		https://github.com/minetest/minetest/pull/774	
ok	minetest sapier:add_surface_detection_function		https://github.com/minetest/minetest/pull/640	
fail	minetest Jeija:rotateto	1	https://github.com/minetest/minetest/pull/651	
ok	minetest ShadowNinja:more_break_particles		https://github.com/minetest/minetest/pull/943	
ok	minetest RealBadAngel:master		https://github.com/minetest/minetest/pull/967	
ok	minetest celeron55:duplifix		https://github.com/minetest/minetest/pull/1000	
ok	minetest sfan5:tab_playerlist		https://github.com/minetest/minetest/pull/958	
